Using pre-set license
Built from '2020.3/staging' branch; Version is '2020.3.32f1 (12f8b0834f07) revision 1243312'; Using compiler version '192528614'; Build Type 'Release'
OS: 'Windows 10  (10.0.19044) 64bit CoreSingleLanguage' Language: 'en' Physical Memory: 18367 MB
BatchMode: 1, IsHumanControllingUs: 0, StartBugReporterOnCrash: 0, Is64bit: 1, IsPro: 0

COMMAND LINE ARGUMENTS:
D:\Program Files\Unity\Unity Editor\2020.3.32f1\Editor\Unity.exe
-adb2
-batchMode
-noUpm
-name
AssetImportWorker0
-projectPath
D:/UnityDocuments/2DSpaceShooter
-logFile
Logs/AssetImportWorker0.log
-srvPort
51145
Successfully changed project path to: D:/UnityDocuments/2DSpaceShooter
D:/UnityDocuments/2DSpaceShooter
Using Asset Import Pipeline V2.
Refreshing native plugins compatible for Editor in 52.23 ms, found 2 plugins.
Preloading 0 native plugins for Editor in 0.00 ms.
Initialize engine version: 2020.3.32f1 (12f8b0834f07)
[Subsystems] Discovering subsystems at path D:/Program Files/Unity/Unity Editor/2020.3.32f1/Editor/Data/Resources/UnitySubsystems
[Subsystems] Discovering subsystems at path D:/UnityDocuments/2DSpaceShooter/Assets
GfxDevice: creating device client; threaded=0
Direct3D:
    Version:  Direct3D 11.0 [level 11.1]
    Renderer: NVIDIA GeForce GTX 1050 (ID=0x1c8d)
    Vendor:   
    VRAM:     4021 MB
    Driver:   30.0.14.7212
Initialize mono
Mono path[0] = 'D:/Program Files/Unity/Unity Editor/2020.3.32f1/Editor/Data/Managed'
Mono path[1] = 'D:/Program Files/Unity/Unity Editor/2020.3.32f1/Editor/Data/MonoBleedingEdge/lib/mono/unityjit'
Mono config path = 'D:/Program Files/Unity/Unity Editor/2020.3.32f1/Editor/Data/MonoBleedingEdge/etc'
Using monoOptions --debugger-agent=transport=dt_socket,embedding=1,server=y,suspend=n,address=127.0.0.1:56752
Begin MonoManager ReloadAssembly
Registering precompiled unity dll's ...
Register platform support module: D:/Program Files/Unity/Unity Editor/2020.3.32f1/Editor/Data/PlaybackEngines/WebGLSupport/UnityEditor.WebGL.Extensions.dll
Register platform support module: D:/Program Files/Unity/Unity Editor/2020.3.32f1/Editor/Data/PlaybackEngines/WindowsStandaloneSupport/UnityEditor.WindowsStandalone.Extensions.dll
Registered in 0.001802 seconds.
Native extension for WindowsStandalone target not found
Native extension for WebGL target not found
Refreshing native plugins compatible for Editor in 91.33 ms, found 2 plugins.
Preloading 0 native plugins for Editor in 0.00 ms.
Mono: successfully reloaded assembly
- Completed reload, in  0.945 seconds
Domain Reload Profiling:
	ReloadAssembly (945ms)
		BeginReloadAssembly (104ms)
			ExecutionOrderSort (0ms)
			DisableScriptedObjects (0ms)
			BackupInstance (0ms)
			ReleaseScriptingObjects (0ms)
			CreateAndSetChildDomain (1ms)
		EndReloadAssembly (736ms)
			LoadAssemblies (103ms)
			RebuildTransferFunctionScriptingTraits (0ms)
			SetupTypeCache (238ms)
			ReleaseScriptCaches (0ms)
			RebuildScriptCaches (73ms)
			SetupLoadedEditorAssemblies (271ms)
				LogAssemblyErrors (0ms)
				InitializePlatformSupportModulesInManaged (10ms)
				SetLoadedEditorAssemblies (1ms)
				RefreshPlugins (91ms)
				BeforeProcessingInitializeOnLoad (21ms)
				ProcessInitializeOnLoadAttributes (115ms)
				ProcessInitializeOnLoadMethodAttributes (33ms)
				AfterProcessingInitializeOnLoad (0ms)
				EditorAssembliesLoaded (0ms)
			ExecutionOrderSort2 (0ms)
			AwakeInstancesAfterBackupRestoration (0ms)
Platform modules already initialized, skipping
Registering precompiled user dll's ...
Registered in 0.002392 seconds.
Begin MonoManager ReloadAssembly
Native extension for WindowsStandalone target not found
Native extension for WebGL target not found
Refreshing native plugins compatible for Editor in 0.94 ms, found 2 plugins.
Preloading 0 native plugins for Editor in 0.00 ms.
Mono: successfully reloaded assembly
- Completed reload, in  1.356 seconds
Domain Reload Profiling:
	ReloadAssembly (1357ms)
		BeginReloadAssembly (196ms)
			ExecutionOrderSort (0ms)
			DisableScriptedObjects (7ms)
			BackupInstance (0ms)
			ReleaseScriptingObjects (0ms)
			CreateAndSetChildDomain (25ms)
		EndReloadAssembly (1091ms)
			LoadAssemblies (113ms)
			RebuildTransferFunctionScriptingTraits (0ms)
			SetupTypeCache (347ms)
			ReleaseScriptCaches (0ms)
			RebuildScriptCaches (70ms)
			SetupLoadedEditorAssemblies (420ms)
				LogAssemblyErrors (0ms)
				InitializePlatformSupportModulesInManaged (7ms)
				SetLoadedEditorAssemblies (1ms)
				RefreshPlugins (1ms)
				BeforeProcessingInitializeOnLoad (114ms)
				ProcessInitializeOnLoadAttributes (283ms)
				ProcessInitializeOnLoadMethodAttributes (11ms)
				AfterProcessingInitializeOnLoad (3ms)
				EditorAssembliesLoaded (0ms)
			ExecutionOrderSort2 (0ms)
			AwakeInstancesAfterBackupRestoration (9ms)
Platform modules already initialized, skipping
========================================================================
Worker process is ready to serve import requests
Launched and connected shader compiler UnityShaderCompiler.exe after 0.09 seconds
Refreshing native plugins compatible for Editor in 0.47 ms, found 2 plugins.
Preloading 0 native plugins for Editor in 0.00 ms.
Unloading 1517 Unused Serialized files (Serialized files now loaded: 0)
System memory in use before: 70.1 MB.
System memory in use after: 70.2 MB.

Unloading 16 unused Assets to reduce memory usage. Loaded Objects now: 1954.
Total: 3.819200 ms (FindLiveObjects: 0.280400 ms CreateObjectMapping: 0.095100 ms MarkObjects: 3.351700 ms  DeleteObjects: 0.090300 ms)

AssetImportParameters requested are different than current active one (requested -> active):
  custom:framework-win-MediaFoundation: 216162199b28c13a410421893ffa2e32 -> 
  custom:video-decoder-ogg-theora: a1e56fd34408186e4bbccfd4996cb3dc -> 
  custom:container-muxer-webm: aa71ff27fc2769a1b78a27578f13a17b -> 
  custom:container-demuxer-webm: 4f35f7cbe854078d1ac9338744f61a02 -> 
  custom:container-demuxer-ogg: 62fdf1f143b41e24485cea50d1cbac27 -> 
  custom:video-encoder-webm-vp8: eb34c28f22e8b96e1ab97ce403110664 -> 
  custom:video-decoder-webm-vp8: 9c59270c3fd7afecdb556c50c9e8de78 -> 
  custom:audio-decoder-ogg-vorbis: bf7c407c2cedff20999df2af8eb42d56 -> 
  custom:audio-encoder-webm-vorbis: bf7c407c2cedff20999df2af8eb42d56 -> 
========================================================================
Received Import Request.
  path: Assets/PNG/BackDrop.png
  artifactKey: Guid(ea9f3a4f5472ec2438a7efb547bd9aeb) Importer(815301076,1909f56bfc062723c751e8b465ee728b)
Start importing Assets/PNG/BackDrop.png using Guid(ea9f3a4f5472ec2438a7efb547bd9aeb) Importer(815301076,1909f56bfc062723c751e8b465ee728b)  -> (artifact id: '2b4cd6642c9566d3d0408937103ea799') in 0.106421 seconds 
========================================================================
Received Import Request.
  Time since last request: 0.000319 seconds.
  path: Assets/PNG/playerShip1_green.png
  artifactKey: Guid(198791d8066405b40bd24b4b30fe020c) Importer(815301076,1909f56bfc062723c751e8b465ee728b)
Start importing Assets/PNG/playerShip1_green.png using Guid(198791d8066405b40bd24b4b30fe020c) Importer(815301076,1909f56bfc062723c751e8b465ee728b)  -> (artifact id: 'b8c822e9ecf900a2395a915481b76b19') in 0.011783 seconds 
========================================================================
Received Import Request.
  Time since last request: 0.000326 seconds.
  path: Assets/PNG
  artifactKey: Guid(4f65c929660827a4aa8ec761bcd36005) Importer(815301076,1909f56bfc062723c751e8b465ee728b)
Start importing Assets/PNG using Guid(4f65c929660827a4aa8ec761bcd36005) Importer(815301076,1909f56bfc062723c751e8b465ee728b)  -> (artifact id: 'b58c5af0474622b1155fbd6dc23eb0d7') in 0.002211 seconds 
========================================================================
Received Import Request.
  Time since last request: 0.000343 seconds.
  path: Assets/PNG/playerShip2_blue.png
  artifactKey: Guid(14445d43c04d47e4b992cd52de5cabb2) Importer(815301076,1909f56bfc062723c751e8b465ee728b)
Start importing Assets/PNG/playerShip2_blue.png using Guid(14445d43c04d47e4b992cd52de5cabb2) Importer(815301076,1909f56bfc062723c751e8b465ee728b)  -> (artifact id: '5b104c77595792b01c8d480a1aa4a15e') in 0.009250 seconds 
========================================================================
Received Import Request.
  Time since last request: 0.000389 seconds.
  path: Assets/PNG/ufoGreen.png
  artifactKey: Guid(eb0539eda23a1784eb23f8ab602b24c4) Importer(815301076,1909f56bfc062723c751e8b465ee728b)
Start importing Assets/PNG/ufoGreen.png using Guid(eb0539eda23a1784eb23f8ab602b24c4) Importer(815301076,1909f56bfc062723c751e8b465ee728b)  -> (artifact id: '9ab959e1b9c6b6fc5124c64cbeae16b5') in 0.009535 seconds 
========================================================================
Received Import Request.
  Time since last request: 0.000361 seconds.
  path: Assets/PNG/ufoRed.png
  artifactKey: Guid(2269c95add9e06844aa702d8d062da43) Importer(815301076,1909f56bfc062723c751e8b465ee728b)
Start importing Assets/PNG/ufoRed.png using Guid(2269c95add9e06844aa702d8d062da43) Importer(815301076,1909f56bfc062723c751e8b465ee728b)  -> (artifact id: '4e01641c71ee673a4950df34cecfa60e') in 0.007389 seconds 
========================================================================
Received Import Request.
  Time since last request: 0.000408 seconds.
  path: Assets/PNG/playerShip1_blue.png
  artifactKey: Guid(ca39716d317ecd9498d63c9bf818a714) Importer(815301076,1909f56bfc062723c751e8b465ee728b)
Start importing Assets/PNG/playerShip1_blue.png using Guid(ca39716d317ecd9498d63c9bf818a714) Importer(815301076,1909f56bfc062723c751e8b465ee728b)  -> (artifact id: '38abed98c2b5f9861fb1b567fa2f86d2') in 0.065358 seconds 
========================================================================
Received Import Request.
  Time since last request: 0.000322 seconds.
  path: Assets/PNG/playerShip2_green.png
  artifactKey: Guid(6f0f75911f1e92d4e9fd791893c148b9) Importer(815301076,1909f56bfc062723c751e8b465ee728b)
Start importing Assets/PNG/playerShip2_green.png using Guid(6f0f75911f1e92d4e9fd791893c148b9) Importer(815301076,1909f56bfc062723c751e8b465ee728b)  -> (artifact id: 'c1317810e829ad0481d43d6e5a0ceede') in 0.007380 seconds 
========================================================================
Received Import Request.
  Time since last request: 0.000332 seconds.
  path: Assets/PNG/ufoBlue.png
  artifactKey: Guid(83d1c38dc91007f479121050609a1b7e) Importer(815301076,1909f56bfc062723c751e8b465ee728b)
Start importing Assets/PNG/ufoBlue.png using Guid(83d1c38dc91007f479121050609a1b7e) Importer(815301076,1909f56bfc062723c751e8b465ee728b)  -> (artifact id: '87dc051639cf5525dc97c22fcfc19284') in 0.007552 seconds 
========================================================================
Received Import Request.
  Time since last request: 0.000479 seconds.
  path: Assets/PNG/playerShip2_orange.png
  artifactKey: Guid(709462b2f0f77e24a873b0a2431f29aa) Importer(815301076,1909f56bfc062723c751e8b465ee728b)
Start importing Assets/PNG/playerShip2_orange.png using Guid(709462b2f0f77e24a873b0a2431f29aa) Importer(815301076,1909f56bfc062723c751e8b465ee728b)  -> (artifact id: 'ff69ad66d0ae909be2ebed9a795fdb77') in 0.015150 seconds 
========================================================================
Received Import Request.
  Time since last request: 0.000350 seconds.
  path: Assets/PNG/playerShip1_red.png
  artifactKey: Guid(8063b604a8b97524ab34a6461d300397) Importer(815301076,1909f56bfc062723c751e8b465ee728b)
Start importing Assets/PNG/playerShip1_red.png using Guid(8063b604a8b97524ab34a6461d300397) Importer(815301076,1909f56bfc062723c751e8b465ee728b)  -> (artifact id: 'daf9eab11e9aeab715ca38ed281ec760') in 0.009318 seconds 
========================================================================
Received Import Request.
  Time since last request: 0.000301 seconds.
  path: Assets/PNG/playerShip2_red.png
  artifactKey: Guid(dbe1b7632df04a646bf139ca7ba500e8) Importer(815301076,1909f56bfc062723c751e8b465ee728b)
Start importing Assets/PNG/playerShip2_red.png using Guid(dbe1b7632df04a646bf139ca7ba500e8) Importer(815301076,1909f56bfc062723c751e8b465ee728b)  -> (artifact id: '841f72eec099446f714bc3dcc28e8b13') in 0.011758 seconds 
========================================================================
Received Import Request.
  Time since last request: 0.000313 seconds.
  path: Assets/PNG/playerShip1_orange.png
  artifactKey: Guid(277548bdbd4e8f543899332557886e4d) Importer(815301076,1909f56bfc062723c751e8b465ee728b)
Start importing Assets/PNG/playerShip1_orange.png using Guid(277548bdbd4e8f543899332557886e4d) Importer(815301076,1909f56bfc062723c751e8b465ee728b)  -> (artifact id: '1d6d65e7639bcb3aee17dd7268ca983f') in 0.010693 seconds 
========================================================================
Received Import Request.
  Time since last request: 0.000366 seconds.
  path: Assets/PNG/playerShip3_red.png
  artifactKey: Guid(43be67c9b3086954a87e439b02558a3f) Importer(815301076,1909f56bfc062723c751e8b465ee728b)
Start importing Assets/PNG/playerShip3_red.png using Guid(43be67c9b3086954a87e439b02558a3f) Importer(815301076,1909f56bfc062723c751e8b465ee728b)  -> (artifact id: '38dde322604dd36d7a2cab07e2e71cd2') in 0.007183 seconds 
========================================================================
Received Import Request.
  Time since last request: 0.000474 seconds.
  path: Assets/PNG/ufoYellow.png
  artifactKey: Guid(dba74757803febf4f8f958b351644cce) Importer(815301076,1909f56bfc062723c751e8b465ee728b)
Start importing Assets/PNG/ufoYellow.png using Guid(dba74757803febf4f8f958b351644cce) Importer(815301076,1909f56bfc062723c751e8b465ee728b)  -> (artifact id: '05c519f31b4879ac17df99114e782c6b') in 0.006225 seconds 
========================================================================
Received Import Request.
  Time since last request: 0.000282 seconds.
  path: Assets/PNG/playerShip3_green.png
  artifactKey: Guid(768c2987540ffb64abc86faa56d5aa86) Importer(815301076,1909f56bfc062723c751e8b465ee728b)
Start importing Assets/PNG/playerShip3_green.png using Guid(768c2987540ffb64abc86faa56d5aa86) Importer(815301076,1909f56bfc062723c751e8b465ee728b)  -> (artifact id: 'b45f6a2b487ef0b672aa64a943150c82') in 0.008460 seconds 
========================================================================
Received Import Request.
  Time since last request: 0.000214 seconds.
  path: Assets/PNG/playerShip3_blue.png
  artifactKey: Guid(be733200f0f118045bf568e562ecc235) Importer(815301076,1909f56bfc062723c751e8b465ee728b)
Start importing Assets/PNG/playerShip3_blue.png using Guid(be733200f0f118045bf568e562ecc235) Importer(815301076,1909f56bfc062723c751e8b465ee728b)  -> (artifact id: '3511c04be0157b8f4baf4e2f38078701') in 0.007186 seconds 
========================================================================
Received Import Request.
  Time since last request: 0.000311 seconds.
  path: Assets/PNG/playerShip3_orange.png
  artifactKey: Guid(e4d796a42d7f27f4bbe92e7f39170bb2) Importer(815301076,1909f56bfc062723c751e8b465ee728b)
Start importing Assets/PNG/playerShip3_orange.png using Guid(e4d796a42d7f27f4bbe92e7f39170bb2) Importer(815301076,1909f56bfc062723c751e8b465ee728b)  -> (artifact id: '97ebdacc130da7b33060bb8edad7648a') in 0.006529 seconds 
========================================================================
Received Import Request.
  Time since last request: 3.720651 seconds.
  path: Assets/PNG/RemWorks Studios (3).png
  artifactKey: Guid(726fa9229d46132499a34d591bb2ab9c) Importer(815301076,1909f56bfc062723c751e8b465ee728b)
Start importing Assets/PNG/RemWorks Studios (3).png using Guid(726fa9229d46132499a34d591bb2ab9c) Importer(815301076,1909f56bfc062723c751e8b465ee728b)  -> (artifact id: '7c88cbed22794b5ae88275cadb360c29') in 0.021217 seconds 
========================================================================
Received Import Request.
  Time since last request: 12.857113 seconds.
  path: Assets/PNG/RemWorks Studios (3).png
  artifactKey: Guid(726fa9229d46132499a34d591bb2ab9c) Importer(815301076,1909f56bfc062723c751e8b465ee728b)
Start importing Assets/PNG/RemWorks Studios (3).png using Guid(726fa9229d46132499a34d591bb2ab9c) Importer(815301076,1909f56bfc062723c751e8b465ee728b)  -> (artifact id: '8523ea92e98a9abacd00d67d7aa2e87d') in 0.033066 seconds 
========================================================================
Received Import Request.
  Time since last request: 200.063853 seconds.
  path: Assets/PNG/BackDrop.png
  artifactKey: Guid(ea9f3a4f5472ec2438a7efb547bd9aeb) Importer(815301076,1909f56bfc062723c751e8b465ee728b)
Start importing Assets/PNG/BackDrop.png using Guid(ea9f3a4f5472ec2438a7efb547bd9aeb) Importer(815301076,1909f56bfc062723c751e8b465ee728b)  -> (artifact id: '88f2ccdf91a02282a162a5e26669b088') in 0.038005 seconds 
========================================================================
Received Prepare
Refreshing native plugins compatible for Editor in 2.72 ms, found 2 plugins.
Preloading 0 native plugins for Editor in 0.00 ms.
Unloading 23 Unused Serialized files (Serialized files now loaded: 0)
System memory in use before: 45.6 MB.
System memory in use after: 45.1 MB.

Unloading 22 unused Assets to reduce memory usage. Loaded Objects now: 1964.
Total: 5.125300 ms (FindLiveObjects: 0.164900 ms CreateObjectMapping: 0.069400 ms MarkObjects: 4.452600 ms  DeleteObjects: 0.437400 ms)

AssetImportParameters requested are different than current active one (requested -> active):
  custom:framework-win-MediaFoundation: 216162199b28c13a410421893ffa2e32 -> 
  custom:video-decoder-ogg-theora: a1e56fd34408186e4bbccfd4996cb3dc -> 
  custom:container-muxer-webm: aa71ff27fc2769a1b78a27578f13a17b -> 
  custom:container-demuxer-webm: 4f35f7cbe854078d1ac9338744f61a02 -> 
  custom:container-demuxer-ogg: 62fdf1f143b41e24485cea50d1cbac27 -> 
  custom:video-encoder-webm-vp8: eb34c28f22e8b96e1ab97ce403110664 -> 
  custom:video-decoder-webm-vp8: 9c59270c3fd7afecdb556c50c9e8de78 -> 
  custom:audio-decoder-ogg-vorbis: bf7c407c2cedff20999df2af8eb42d56 -> 
  custom:audio-encoder-webm-vorbis: bf7c407c2cedff20999df2af8eb42d56 -> 
========================================================================
Received Prepare
Refreshing native plugins compatible for Editor in 4.16 ms, found 2 plugins.
Preloading 0 native plugins for Editor in 0.00 ms.
Unloading 23 Unused Serialized files (Serialized files now loaded: 0)
System memory in use before: 45.6 MB.
System memory in use after: 45.1 MB.

Unloading 22 unused Assets to reduce memory usage. Loaded Objects now: 1964.
Total: 4.125300 ms (FindLiveObjects: 0.184200 ms CreateObjectMapping: 0.061400 ms MarkObjects: 3.499000 ms  DeleteObjects: 0.380000 ms)

AssetImportParameters requested are different than current active one (requested -> active):
  custom:framework-win-MediaFoundation: 216162199b28c13a410421893ffa2e32 -> 
  custom:video-decoder-ogg-theora: a1e56fd34408186e4bbccfd4996cb3dc -> 
  custom:container-muxer-webm: aa71ff27fc2769a1b78a27578f13a17b -> 
  custom:container-demuxer-webm: 4f35f7cbe854078d1ac9338744f61a02 -> 
  custom:container-demuxer-ogg: 62fdf1f143b41e24485cea50d1cbac27 -> 
  custom:video-encoder-webm-vp8: eb34c28f22e8b96e1ab97ce403110664 -> 
  custom:video-decoder-webm-vp8: 9c59270c3fd7afecdb556c50c9e8de78 -> 
  custom:audio-decoder-ogg-vorbis: bf7c407c2cedff20999df2af8eb42d56 -> 
  custom:audio-encoder-webm-vorbis: bf7c407c2cedff20999df2af8eb42d56 -> 
AssetImportWorkerClient::OnTransportError - code=2 error=End of file
